<?xml version="1.0" encoding="UTF-8"?>
<testng-results ignored="0" total="3" passed="3" failed="0" skipped="0">
  <reporter-output>
  </reporter-output>
  <suite started-at="2021-10-12T22:04:49 IST" name="Default suite" finished-at="2021-10-12T22:04:53 IST" duration-ms="4069">
    <groups>
    </groups>
    <test started-at="2021-10-12T22:04:49 IST" name="Default test" finished-at="2021-10-12T22:04:53 IST" duration-ms="4069">
      <class name="Assignment.Assignment9">
        <test-method signature="api_for_website()[pri:0, instance:Assignment.Assignment9@5c909414]" started-at="2021-10-12T22:04:49 IST" name="api_for_website" finished-at="2021-10-12T22:04:49 IST" duration-ms="670" status="PASS">
          <reporter-output>
          </reporter-output>
        </test-method> <!-- api_for_website -->
        <test-method signature="performed_some_operation()[pri:0, instance:Assignment.Assignment9@5c909414]" started-at="2021-10-12T22:04:49 IST" name="performed_some_operation" finished-at="2021-10-12T22:04:52 IST" duration-ms="2716" status="PASS">
          <reporter-output>
          </reporter-output>
        </test-method> <!-- performed_some_operation -->
        <test-method signature="validate_status_code()[pri:0, instance:Assignment.Assignment9@5c909414]" started-at="2021-10-12T22:04:52 IST" name="validate_status_code" finished-at="2021-10-12T22:04:53 IST" duration-ms="645" status="PASS">
          <reporter-output>
          </reporter-output>
        </test-method> <!-- validate_status_code -->
      </class> <!-- Assignment.Assignment9 -->
    </test> <!-- Default test -->
  </suite> <!-- Default suite -->
</testng-results>
