<?xml version="1.0" encoding="UTF-8"?>
<!-- Generated by org.testng.reporters.JUnitXMLReporter -->
<testsuite ignored="0" hostname="GAZI_AHMED" failures="0" tests="3" name="Default test" time="4.069" errors="0" timestamp="2021-10-12T22:04:53 IST">
  <testcase classname="Assignment.Assignment9" name="api_for_website" time="0.67"/>
  <testcase classname="Assignment.Assignment9" name="performed_some_operation" time="2.716"/>
  <testcase classname="Assignment.Assignment9" name="validate_status_code" time="0.645"/>
</testsuite> <!-- Default test -->
