<?xml version="1.0" encoding="UTF-8"?>
<testng-results ignored="0" total="1" passed="1" failed="0" skipped="0">
  <reporter-output>
  </reporter-output>
  <suite started-at="2021-10-08T18:20:22 IST" name="Default suite" finished-at="2021-10-08T18:21:51 IST" duration-ms="88676">
    <groups>
    </groups>
    <test started-at="2021-10-08T18:20:22 IST" name="Default test" finished-at="2021-10-08T18:21:51 IST" duration-ms="88676">
      <class name="seleniumAssignmnet.Popup">
        <test-method is-config="true" signature="beforeClass()[pri:0, instance:seleniumAssignmnet.Popup@223d2c72]" started-at="2021-10-08T18:20:22 IST" name="beforeClass" finished-at="2021-10-08T18:20:30 IST" duration-ms="8157" status="PASS">
          <reporter-output>
          </reporter-output>
        </test-method> <!-- beforeClass -->
        <test-method signature="f()[pri:0, instance:seleniumAssignmnet.Popup@223d2c72]" started-at="2021-10-08T18:20:30 IST" name="f" finished-at="2021-10-08T18:21:47 IST" duration-ms="76915" status="PASS">
          <reporter-output>
          </reporter-output>
        </test-method> <!-- f -->
        <test-method is-config="true" signature="afterClass()[pri:0, instance:seleniumAssignmnet.Popup@223d2c72]" started-at="2021-10-08T18:21:47 IST" name="afterClass" finished-at="2021-10-08T18:21:51 IST" duration-ms="3417" status="PASS">
          <reporter-output>
          </reporter-output>
        </test-method> <!-- afterClass -->
      </class> <!-- seleniumAssignmnet.Popup -->
    </test> <!-- Default test -->
  </suite> <!-- Default suite -->
</testng-results>
